<?xml version="1.0" encoding="UTF-8" standalone="no"?>
<testsuite errors="0" failures="0" name="io.cucumber.core.plugin.JUnitFormatter" skipped="0" tests="2" time="14.996">
    <testcase classname="Login Feature" name="Login as a authenticated user" time="7.761">
        <system-out>
            <![CDATA[Given user is  on homepage..................................................passed
When user navigates to Login Page...........................................passed
And user enters "john" and "12345"..........................................passed
]]>
        </system-out>
    </testcase>
    <testcase classname="Login Feature" name="Login as a authenticated user 2" time="7.047">
        <system-out>
            <![CDATA[Given user is  on homepage..................................................passed
When user navigates to Login Page...........................................passed
And user enters "Ron" and "12345"...........................................passed
]]>
        </system-out>
    </testcase>
</testsuite>
